<?xml version="1.0" encoding="UTF-8"?>
<!DOCTYPE html PUBLIC "-//W3C//DTD XHTML 1.0 Strict//EN" "http://www.w3.org/TR/xhtml1/DTD/xhtml1-strict.dtd">
<html xmlns="http://www.w3.org/1999/xhtml">
<head>
    <title>自动化测试报告,测试结果如下：</title>
    <meta name="generator" content="HTMLTestRunner 0.8.2"/>
    <meta http-equiv="Content-Type" content="text/html; charset=UTF-8"/>
    
<style type="text/css" media="screen">
body        { font-family: verdana, arial, helvetica, sans-serif; font-size: 80%; }
table       { font-size: 100%; }
pre         { }

/* -- heading ---------------------------------------------------------------------- */
h1 {
	font-size: 16pt;
	color: gray;
}
.heading {
    margin-top: 0ex;
    margin-bottom: 1ex;
}

.heading .attribute {
    margin-top: 1ex;
    margin-bottom: 0;
}

.heading .description {
    margin-top: 4ex;
    margin-bottom: 6ex;
}

/* -- css div popup ------------------------------------------------------------------------ */
a.popup_link {
}

a.popup_link:hover {
    color: red;
}

.popup_window {
    display: none;
    position: relative;
    left: 0px;
    top: 0px;
    /*border: solid #627173 1px; */
    padding: 10px;
    background-color: #E6E6D6;
    font-family: "Lucida Console", "Courier New", Courier, monospace;
    text-align: left;
    font-size: 8pt;
    width: 500px;
}

}
/* -- report ------------------------------------------------------------------------ */
#show_detail_line {
    margin-top: 3ex;
    margin-bottom: 1ex;
}
#result_table {
    width: 80%;
    border-collapse: collapse;
    border: 1px solid #777;
}
#header_row {
    font-weight: bold;
    color: white;
    background-color: #777;
}
#result_table td {
    border: 1px solid #777;
    padding: 2px;
}
#total_row  { font-weight: bold; }
.passClass  { background-color: #6c6; }
.failClass  { background-color: #c60; }
.errorClass { background-color: #c00; }
.passCase   { color: #6c6; }
.failCase   { color: #c60; font-weight: bold; }
.errorCase  { color: #c00; font-weight: bold; }
.hiddenRow  { display: none; }
.testcase   { margin-left: 2em; }


/* -- ending ---------------------------------------------------------------------- */
#ending {
}

</style>

</head>
<body>
<script language="javascript" type="text/javascript"><!--
output_list = Array();

/* level - 0:Summary; 1:Failed; 2:All */
function showCase(level) {
    trs = document.getElementsByTagName("tr");
    for (var i = 0; i < trs.length; i++) {
        tr = trs[i];
        id = tr.id;
        if (id.substr(0,2) == 'ft') {
            if (level < 1) {
                tr.className = 'hiddenRow';
            }
            else {
                tr.className = '';
            }
        }
        if (id.substr(0,2) == 'pt') {
            if (level > 1) {
                tr.className = '';
            }
            else {
                tr.className = 'hiddenRow';
            }
        }
    }
}


function showClassDetail(cid, count) {
    var id_list = Array(count);
    var toHide = 1;
    for (var i = 0; i < count; i++) {
        tid0 = 't' + cid.substr(1) + '.' + (i+1);
        tid = 'f' + tid0;
        tr = document.getElementById(tid);
        if (!tr) {
            tid = 'p' + tid0;
            tr = document.getElementById(tid);
        }
        id_list[i] = tid;
        if (tr.className) {
            toHide = 0;
        }
    }
    for (var i = 0; i < count; i++) {
        tid = id_list[i];
        if (toHide) {
            document.getElementById('div_'+tid).style.display = 'none'
            document.getElementById(tid).className = 'hiddenRow';
        }
        else {
            document.getElementById(tid).className = '';
        }
    }
}


function showTestDetail(div_id){
    var details_div = document.getElementById(div_id)
    var displayState = details_div.style.display
    // alert(displayState)
    if (displayState != 'block' ) {
        displayState = 'block'
        details_div.style.display = 'block'
    }
    else {
        details_div.style.display = 'none'
    }
}


function html_escape(s) {
    s = s.replace(/&/g,'&amp;');
    s = s.replace(/</g,'&lt;');
    s = s.replace(/>/g,'&gt;');
    return s;
}

/* obsoleted by detail in <div>
function showOutput(id, name) {
    var w = window.open("", //url
                    name,
                    "resizable,scrollbars,status,width=800,height=450");
    d = w.document;
    d.write("<pre>");
    d.write(html_escape(output_list[id]));
    d.write("\n");
    d.write("<a href='javascript:window.close()'>close</a>\n");
    d.write("</pre>\n");
    d.close();
}
*/
--></script>

<div class='heading'>
<h1>自动化测试报告,测试结果如下：</h1>
<p class='attribute'><strong>Start Time:</strong> 2018-11-18 16:47:13</p>
<p class='attribute'><strong>Duration:</strong> 0:01:07.815611</p>
<p class='attribute'><strong>Status:</strong> Error 2</p>

<p class='description'>用例执行情况：</p>
</div>



<p id='show_detail_line'>Show
<a href='javascript:showCase(0)'>Summary</a>
<a href='javascript:showCase(1)'>Failed</a>
<a href='javascript:showCase(2)'>All</a>
</p>
<table id='result_table'>
<colgroup>
<col align='left' />
<col align='right' />
<col align='right' />
<col align='right' />
<col align='right' />
<col align='right' />
</colgroup>
<tr id='header_row'>
    <td>Test Group/Test case</td>
    <td>Count</td>
    <td>Pass</td>
    <td>Fail</td>
    <td>Error</td>
    <td>View</td>
</tr>

<tr class='errorClass'>
    <td>asset_web.新增进件.test_新增进件001.TestXZJJ</td>
    <td>2</td>
    <td>0</td>
    <td>0</td>
    <td>2</td>
    <td><a href="javascript:showClassDetail('c1',2)">Detail</a></td>
</tr>

<tr id='ft1.1' class='none'>
    <td class='errorCase'><div class='testcase'>test_app</div></td>
    <td colspan='5' align='center'>

    <!--css div popup start-->
    <a class="popup_link" onfocus='this.blur();' href="javascript:showTestDetail('div_ft1.1')" >
        error</a>

    <div id='div_ft1.1' class="popup_window">
        <div style='text-align: right; color:red;cursor:pointer'>
        <a onfocus='this.blur();' onclick="document.getElementById('div_ft1.1').style.display = 'none' " >
           [x]</a>
        </div>
        <pre>
        
ft1.1: Traceback (most recent call last):
  File "D:\AutoTest\test_case\execute_case\asset_web\新增进件\test_新增进件001.py", line 22, in test_app
    case1.lend_record()
  File "D:\AutoTest\package\template\ycd360\mobile\lend_record.py", line 23, in lend_record
    case.ycd360_mobile_setup(self.trade, self.caseid)
  File "D:\AutoTest\package\models\unittest_setup.py", line 77, in ycd360_mobile_setup
    self.driver = mobile.open_app()
  File "D:\AutoTest\package\models\mobileDriver.py", line 73, in open_app
    self.driver = webdriver.Remote(desired_caps["url"] + '/wd/hub', desired_caps)
  File "C:\Python34\lib\site-packages\appium\webdriver\webdriver.py", line 36, in __init__
    super(WebDriver, self).__init__(command_executor, desired_capabilities, browser_profile, proxy, keep_alive)
  File "C:\Python34\lib\site-packages\selenium\webdriver\remote\webdriver.py", line 92, in __init__
    self.start_session(desired_capabilities, browser_profile)
  File "C:\Python34\lib\site-packages\selenium\webdriver\remote\webdriver.py", line 179, in start_session
    response = self.execute(Command.NEW_SESSION, capabilities)
  File "C:\Python34\lib\site-packages\selenium\webdriver\remote\webdriver.py", line 236, in execute
    self.error_handler.check_response(response)
  File "C:\Python34\lib\site-packages\selenium\webdriver\remote\errorhandler.py", line 192, in check_response
    raise exception_class(message, screen, stacktrace)
selenium.common.exceptions.WebDriverException: Message: A new session could not be created. (Original error: Requested a new session but one was in progress)

Traceback (most recent call last):
  File "D:\AutoTest\test_case\execute_case\asset_web\新增进件\test_新增进件001.py", line 22, in test_app
    case1.lend_record()
  File "D:\AutoTest\package\template\ycd360\mobile\lend_record.py", line 23, in lend_record
    case.ycd360_mobile_setup(self.trade, self.caseid)
  File "D:\AutoTest\package\models\unittest_setup.py", line 77, in ycd360_mobile_setup
    self.driver = mobile.open_app()
  File "D:\AutoTest\package\models\mobileDriver.py", line 73, in open_app
    self.driver = webdriver.Remote(desired_caps["url"] + '/wd/hub', desired_caps)
  File "C:\Python34\lib\site-packages\appium\webdriver\webdriver.py", line 36, in __init__
    super(WebDriver, self).__init__(command_executor, desired_capabilities, browser_profile, proxy, keep_alive)
  File "C:\Python34\lib\site-packages\selenium\webdriver\remote\webdriver.py", line 92, in __init__
    self.start_session(desired_capabilities, browser_profile)
  File "C:\Python34\lib\site-packages\selenium\webdriver\remote\webdriver.py", line 179, in start_session
    response = self.execute(Command.NEW_SESSION, capabilities)
  File "C:\Python34\lib\site-packages\selenium\webdriver\remote\webdriver.py", line 236, in execute
    self.error_handler.check_response(response)
  File "C:\Python34\lib\site-packages\selenium\webdriver\remote\errorhandler.py", line 192, in check_response
    raise exception_class(message, screen, stacktrace)
selenium.common.exceptions.WebDriverException: Message: A new session could not be created. (Original error: Requested a new session but one was in progress)



        </pre>
    </div>
    <!--css div popup end-->

    </td>
</tr>

<tr id='ft1.2' class='none'>
    <td class='errorCase'><div class='testcase'>test_procedure</div></td>
    <td colspan='5' align='center'>

    <!--css div popup start-->
    <a class="popup_link" onfocus='this.blur();' href="javascript:showTestDetail('div_ft1.2')" >
        error</a>

    <div id='div_ft1.2' class="popup_window">
        <div style='text-align: right; color:red;cursor:pointer'>
        <a onfocus='this.blur();' onclick="document.getElementById('div_ft1.2').style.display = 'none' " >
           [x]</a>
        </div>
        <pre>
        
ft1.2: Traceback (most recent call last):
  File "D:\AutoTest\test_case\execute_case\asset_web\新增进件\test_新增进件001.py", line 18, in test_procedure
    case.add_asset()
  File "D:\AutoTest\package\template\asset\web\asset_items.py", line 93, in add_asset
    functionlibrary.click("xpath", "//*[@id='app']/div/div[3]/div/div/div[2]/div[2]/button[2]")
  File "D:\AutoTest\package\models\webFunction.py", line 67, in wrapper
    raise e
  File "D:\AutoTest\package\models\webFunction.py", line 52, in wrapper
    return function(self, *args, **kwargs)
  File "D:\AutoTest\package\models\webFunction.py", line 235, in click
    el.click()
  File "C:\Python34\lib\site-packages\selenium\webdriver\remote\webelement.py", line 77, in click
    self._execute(Command.CLICK_ELEMENT)
  File "C:\Python34\lib\site-packages\selenium\webdriver\remote\webelement.py", line 494, in _execute
    return self._parent.execute(command, params)
  File "C:\Python34\lib\site-packages\selenium\webdriver\remote\webdriver.py", line 236, in execute
    self.error_handler.check_response(response)
  File "C:\Python34\lib\site-packages\selenium\webdriver\remote\errorhandler.py", line 192, in check_response
    raise exception_class(message, screen, stacktrace)
selenium.common.exceptions.WebDriverException: Message: unknown error: Element &lt;button data-v-06dc45b3="" type="button" class="el-button el-button--primary el-button--medium"&gt;...&lt;/button&gt; is not clickable at point (1257, 148). Other element would receive the click: &lt;div data-v-7b58c210="" data-v-fc2d8312="" class="breadcrumb"&gt;...&lt;/div&gt;
  (Session info: chrome=70.0.3538.102)
  (Driver info: chromedriver=2.43.600210 (68dcf5eebde37173d4027fa8635e332711d2874a),platform=Windows NT 6.1.7601 SP1 x86_64)

Traceback (most recent call last):
  File "D:\AutoTest\test_case\execute_case\asset_web\新增进件\test_新增进件001.py", line 18, in test_procedure
    case.add_asset()
  File "D:\AutoTest\package\template\asset\web\asset_items.py", line 93, in add_asset
    functionlibrary.click("xpath", "//*[@id='app']/div/div[3]/div/div/div[2]/div[2]/button[2]")
  File "D:\AutoTest\package\models\webFunction.py", line 67, in wrapper
    raise e
  File "D:\AutoTest\package\models\webFunction.py", line 52, in wrapper
    return function(self, *args, **kwargs)
  File "D:\AutoTest\package\models\webFunction.py", line 235, in click
    el.click()
  File "C:\Python34\lib\site-packages\selenium\webdriver\remote\webelement.py", line 77, in click
    self._execute(Command.CLICK_ELEMENT)
  File "C:\Python34\lib\site-packages\selenium\webdriver\remote\webelement.py", line 494, in _execute
    return self._parent.execute(command, params)
  File "C:\Python34\lib\site-packages\selenium\webdriver\remote\webdriver.py", line 236, in execute
    self.error_handler.check_response(response)
  File "C:\Python34\lib\site-packages\selenium\webdriver\remote\errorhandler.py", line 192, in check_response
    raise exception_class(message, screen, stacktrace)
selenium.common.exceptions.WebDriverException: Message: unknown error: Element &lt;button data-v-06dc45b3="" type="button" class="el-button el-button--primary el-button--medium"&gt;...&lt;/button&gt; is not clickable at point (1257, 148). Other element would receive the click: &lt;div data-v-7b58c210="" data-v-fc2d8312="" class="breadcrumb"&gt;...&lt;/div&gt;
  (Session info: chrome=70.0.3538.102)
  (Driver info: chromedriver=2.43.600210 (68dcf5eebde37173d4027fa8635e332711d2874a),platform=Windows NT 6.1.7601 SP1 x86_64)



        </pre>
    </div>
    <!--css div popup end-->

    </td>
</tr>

<tr id='total_row'>
    <td>Total</td>
    <td>2</td>
    <td>0</td>
    <td>0</td>
    <td>2</td>
    <td>&nbsp;</td>
</tr>
</table>

<div id='ending'>&nbsp;</div>

</body>
</html>
